<?xml version="1.0" encoding="UTF-8"?>
<testng-results ignored="0" total="2" passed="2" failed="0" skipped="0">
  <reporter-output>
  </reporter-output>
  <suite started-at="2022-03-19T14:25:59 IST" name="Suite" finished-at="2022-03-19T14:26:33 IST" duration-ms="34031">
    <groups>
    </groups>
    <test started-at="2022-03-19T14:25:59 IST" name="Test" finished-at="2022-03-19T14:26:33 IST" duration-ms="34031">
      <class name="MarchSample.SampleMarch.Simple">
        <test-method is-config="true" signature="OpenBrowser()[pri:0, instance:MarchSample.SampleMarch.Simple@52102734]" started-at="2022-03-19T14:25:59 IST" name="OpenBrowser" finished-at="2022-03-19T14:26:09 IST" duration-ms="9999" status="PASS">
          <reporter-output>
          </reporter-output>
        </test-method> <!-- OpenBrowser -->
        <test-method signature="Google()[pri:0, instance:MarchSample.SampleMarch.Simple@52102734]" started-at="2022-03-19T14:26:09 IST" name="Google" finished-at="2022-03-19T14:26:09 IST" duration-ms="2" status="PASS">
          <reporter-output>
          </reporter-output>
        </test-method> <!-- Google -->
        <test-method is-config="true" signature="Close()[pri:0, instance:MarchSample.SampleMarch.Simple@52102734]" started-at="2022-03-19T14:26:09 IST" name="Close" finished-at="2022-03-19T14:26:14 IST" duration-ms="4208" status="PASS">
          <reporter-output>
          </reporter-output>
        </test-method> <!-- Close -->
        <test-method is-config="true" signature="OpenBrowser()[pri:0, instance:MarchSample.SampleMarch.Simple@52102734]" started-at="2022-03-19T14:26:14 IST" name="OpenBrowser" finished-at="2022-03-19T14:26:23 IST" duration-ms="9284" status="PASS">
          <reporter-output>
          </reporter-output>
        </test-method> <!-- OpenBrowser -->
        <test-method signature="Search()[pri:0, instance:MarchSample.SampleMarch.Simple@52102734]" started-at="2022-03-19T14:26:23 IST" name="Search" finished-at="2022-03-19T14:26:33 IST" duration-ms="10295" status="PASS">
          <reporter-output>
          </reporter-output>
        </test-method> <!-- Search -->
        <test-method is-config="true" signature="Close()[pri:0, instance:MarchSample.SampleMarch.Simple@52102734]" started-at="2022-03-19T14:26:33 IST" name="Close" finished-at="2022-03-19T14:26:33 IST" duration-ms="192" status="PASS">
          <reporter-output>
          </reporter-output>
        </test-method> <!-- Close -->
      </class> <!-- MarchSample.SampleMarch.Simple -->
    </test> <!-- Test -->
  </suite> <!-- Suite -->
</testng-results>
