<?xml version="1.0" encoding="UTF-8"?>
<testng-results ignored="0" total="2" passed="2" failed="0" skipped="0">
  <reporter-output>
  </reporter-output>
  <suite started-at="2022-03-19T09:26:19 IST" name="Default suite" finished-at="2022-03-19T09:26:52 IST" duration-ms="32770">
    <groups>
    </groups>
    <test started-at="2022-03-19T09:26:19 IST" name="Default test" finished-at="2022-03-19T09:26:52 IST" duration-ms="32770">
      <class name="MarchSample.SampleMarch.Simple">
        <test-method is-config="true" signature="OpenBrowser()[pri:0, instance:MarchSample.SampleMarch.Simple@223aa2f7]" started-at="2022-03-19T09:26:19 IST" name="OpenBrowser" finished-at="2022-03-19T09:26:30 IST" duration-ms="10266" status="PASS">
          <reporter-output>
          </reporter-output>
        </test-method> <!-- OpenBrowser -->
        <test-method signature="Google()[pri:0, instance:MarchSample.SampleMarch.Simple@223aa2f7]" started-at="2022-03-19T09:26:30 IST" name="Google" finished-at="2022-03-19T09:26:30 IST" duration-ms="7" status="PASS">
          <reporter-output>
          </reporter-output>
        </test-method> <!-- Google -->
        <test-method is-config="true" signature="Close()[pri:0, instance:MarchSample.SampleMarch.Simple@223aa2f7]" started-at="2022-03-19T09:26:30 IST" name="Close" finished-at="2022-03-19T09:26:34 IST" duration-ms="4230" status="PASS">
          <reporter-output>
          </reporter-output>
        </test-method> <!-- Close -->
        <test-method is-config="true" signature="OpenBrowser()[pri:0, instance:MarchSample.SampleMarch.Simple@223aa2f7]" started-at="2022-03-19T09:26:34 IST" name="OpenBrowser" finished-at="2022-03-19T09:26:43 IST" duration-ms="8703" status="PASS">
          <reporter-output>
          </reporter-output>
        </test-method> <!-- OpenBrowser -->
        <test-method signature="Search()[pri:0, instance:MarchSample.SampleMarch.Simple@223aa2f7]" started-at="2022-03-19T09:26:43 IST" name="Search" finished-at="2022-03-19T09:26:48 IST" duration-ms="5274" status="PASS">
          <reporter-output>
          </reporter-output>
        </test-method> <!-- Search -->
        <test-method is-config="true" signature="Close()[pri:0, instance:MarchSample.SampleMarch.Simple@223aa2f7]" started-at="2022-03-19T09:26:48 IST" name="Close" finished-at="2022-03-19T09:26:52 IST" duration-ms="4208" status="PASS">
          <reporter-output>
          </reporter-output>
        </test-method> <!-- Close -->
      </class> <!-- MarchSample.SampleMarch.Simple -->
    </test> <!-- Default test -->
  </suite> <!-- Default suite -->
</testng-results>
